<?xml version="1.0" encoding="UTF-8"?>
<testng-results skipped="0" failed="1" ignored="0" total="2" passed="1">
  <reporter-output>
  </reporter-output>
  <suite name="Default suite" duration-ms="105431" started-at="2019-04-19T07:11:11Z" finished-at="2019-04-19T07:12:57Z">
    <groups>
    </groups>
    <test name="Default test" duration-ms="105431" started-at="2019-04-19T07:11:11Z" finished-at="2019-04-19T07:12:57Z">
      <class name="com.fb.qa.testcases.ContactTest">
        <test-method status="PASS" signature="SetupContactpage()[pri:0, instance:com.fb.qa.testcases.ContactTest@4abdb505]" name="SetupContactpage" is-config="true" duration-ms="13589" started-at="2019-04-19T07:11:11Z" finished-at="2019-04-19T07:11:25Z">
          <reporter-output>
          </reporter-output>
        </test-method> <!-- SetupContactpage -->
        <test-method status="FAIL" signature="Contactpageheader()[pri:0, instance:com.fb.qa.testcases.ContactTest@4abdb505]" name="Contactpageheader" duration-ms="1172" started-at="2019-04-19T07:11:25Z" finished-at="2019-04-19T07:11:26Z">
          <exception class="java.lang.NullPointerException">
            <full-stacktrace>
              <![CDATA[java.lang.NullPointerException
at com.fb.qa.testcases.ContactTest.Contactpageheader(ContactTest.java:48)
at sun.reflect.NativeMethodAccessorImpl.invoke0(Native Method)
at sun.reflect.NativeMethodAccessorImpl.invoke(NativeMethodAccessorImpl.java:62)
at sun.reflect.DelegatingMethodAccessorImpl.invoke(DelegatingMethodAccessorImpl.java:43)
at java.lang.reflect.Method.invoke(Method.java:498)
at org.testng.internal.MethodInvocationHelper.invokeMethod(MethodInvocationHelper.java:124)
at org.testng.internal.Invoker.invokeMethod(Invoker.java:580)
at org.testng.internal.Invoker.invokeTestMethod(Invoker.java:716)
at org.testng.internal.Invoker.invokeTestMethods(Invoker.java:988)
at org.testng.internal.TestMethodWorker.invokeTestMethods(TestMethodWorker.java:125)
at org.testng.internal.TestMethodWorker.run(TestMethodWorker.java:109)
at org.testng.TestRunner.privateRun(TestRunner.java:648)
at org.testng.TestRunner.run(TestRunner.java:505)
at org.testng.SuiteRunner.runTest(SuiteRunner.java:455)
at org.testng.SuiteRunner.runSequentially(SuiteRunner.java:450)
at org.testng.SuiteRunner.privateRun(SuiteRunner.java:415)
at org.testng.SuiteRunner.run(SuiteRunner.java:364)
at org.testng.SuiteRunnerWorker.runSuite(SuiteRunnerWorker.java:52)
at org.testng.SuiteRunnerWorker.run(SuiteRunnerWorker.java:84)
at org.testng.TestNG.runSuitesSequentially(TestNG.java:1208)
at org.testng.TestNG.runSuitesLocally(TestNG.java:1137)
at org.testng.TestNG.runSuites(TestNG.java:1049)
at org.testng.TestNG.run(TestNG.java:1017)
at org.testng.remote.AbstractRemoteTestNG.run(AbstractRemoteTestNG.java:114)
at org.testng.remote.RemoteTestNG.initAndRun(RemoteTestNG.java:251)
at org.testng.remote.RemoteTestNG.main(RemoteTestNG.java:77)
]]>
            </full-stacktrace>
          </exception> <!-- java.lang.NullPointerException -->
          <reporter-output>
          </reporter-output>
        </test-method> <!-- Contactpageheader -->
        <test-method status="PASS" signature="SetupContactpage()[pri:0, instance:com.fb.qa.testcases.ContactTest@4abdb505]" name="SetupContactpage" is-config="true" duration-ms="87396" started-at="2019-04-19T07:11:26Z" finished-at="2019-04-19T07:12:54Z">
          <reporter-output>
          </reporter-output>
        </test-method> <!-- SetupContactpage -->
        <test-method status="PASS" signature="Contactpagelink()[pri:0, instance:com.fb.qa.testcases.ContactTest@4abdb505]" name="Contactpagelink" duration-ms="3211" started-at="2019-04-19T07:12:54Z" finished-at="2019-04-19T07:12:57Z">
          <reporter-output>
          </reporter-output>
        </test-method> <!-- Contactpagelink -->
      </class> <!-- com.fb.qa.testcases.ContactTest -->
    </test> <!-- Default test -->
  </suite> <!-- Default suite -->
</testng-results>
